May-05 22:40:35.821 [main] DEBUG nextflow.cli.Launcher - $> /Users/jespinosa/git/phecomp/lib/nxf/nextflow run worm_speed_by_motion.nf -profile standard
May-05 22:40:35.906 [main] INFO  nextflow.cli.CmdRun - N E X T F L O W  ~  version 0.18.0
May-05 22:40:35.907 [main] INFO  nextflow.cli.CmdRun - Launching worm_speed_by_motion.nf
May-05 22:40:35.933 [main] DEBUG nextflow.config.ConfigBuilder - Found config local: nextflow.config
May-05 22:40:35.936 [main] DEBUG nextflow.config.ConfigBuilder - Parsing config file: /Users/jespinosa/git/pergola/examples/celegans_db_speed_motion/nextflow.config
May-05 22:40:36.368 [main] DEBUG nextflow.config.ConfigBuilder - Setting config profile: 'standard'
May-05 22:40:36.526 [main] DEBUG nextflow.Session - Session uuid: 98005caa-5516-4d64-bded-c9cc18caa70f
May-05 22:40:36.531 [main] DEBUG nextflow.Session - Executor pool size: 8
May-05 22:40:36.557 [main] DEBUG nextflow.cli.CmdRun - 
  Version: 0.18.0 build 3662
  Modified: 11-04-2016 08:47 UTC (10:47 CEST)
  System: Mac OS X 10.9.5
  Runtime: Groovy 2.4.5 on Java HotSpot(TM) 64-Bit Server VM 1.8.0_31-b13
  Encoding: US-ASCII (UTF-8)
  Process: 90998@C02FP3TZDF8Y [192.168.1.35]

May-05 22:40:36.575 [main] DEBUG nextflow.Session - Session start invoked
May-05 22:40:36.580 [main] DEBUG nextflow.processor.TaskDispatcher - Dispatcher > start
May-05 22:40:36.581 [main] DEBUG nextflow.script.ScriptRunner - > Script parsing
May-05 22:40:37.056 [main] DEBUG nextflow.script.ScriptRunner - > Launching execution
May-05 22:40:37.063 [main] INFO  nextflow.Nextflow - C. elegans speed vs motion  - N F  ~  version 0.1
May-05 22:40:37.063 [main] INFO  nextflow.Nextflow - =========================================
May-05 22:40:37.064 [main] INFO  nextflow.Nextflow - c. elegans data    : /Users/jespinosa/git/pergola/examples/celegans_db_speed_motion/data/
May-05 22:40:37.064 [main] INFO  nextflow.Nextflow - 

May-05 22:40:37.076 [main] DEBUG nextflow.Channel - files for syntax: glob; folder: /Users/jespinosa/git/pergola/examples/celegans_db_speed_motion/data/; pattern: *.mat; options: null
May-05 22:40:37.327 [main] DEBUG nextflow.processor.ProcessFactory - << taskConfig executor: local
May-05 22:40:37.328 [main] DEBUG nextflow.processor.ProcessFactory - >> processorType: 'local'
May-05 22:40:37.338 [main] DEBUG nextflow.executor.Executor - Initializing executor: local
May-05 22:40:37.341 [main] INFO  nextflow.executor.Executor - [warm up] executor > local
May-05 22:40:37.349 [main] DEBUG n.processor.TaskPollingMonitor - Creating task monitor for executor 'local' > capacity: 8; pollInterval: 100ms; dumpInterval: 5m 
May-05 22:40:37.359 [main] DEBUG nextflow.processor.TaskDispatcher - Starting monitor: TaskPollingMonitor
May-05 22:40:37.360 [main] DEBUG n.processor.TaskPollingMonitor - >>> barrier register (monitor: local)
May-05 22:40:37.367 [main] DEBUG nextflow.executor.Executor - Invoke register for executor: local
May-05 22:40:37.408 [main] DEBUG nextflow.Session - >>> barrier register (process: get_speed)
May-05 22:40:37.439 [main] DEBUG n.processor.ParallelTaskProcessor - Creating operator > get_speed -- maxForks: 8
May-05 22:40:37.453 [Actor Thread 2] DEBUG n.processor.ParallelTaskProcessor - <get_speed> Poison pill arrived
May-05 22:40:37.454 [main] DEBUG nextflow.processor.ProcessFactory - << taskConfig executor: local
May-05 22:40:37.454 [main] DEBUG nextflow.processor.ProcessFactory - >> processorType: 'local'
May-05 22:40:37.454 [main] DEBUG nextflow.executor.Executor - Initializing executor: local
May-05 22:40:37.455 [Actor Thread 3] DEBUG nextflow.processor.StateObj - <get_speed> State before poison: StateObj[submitted: 1; completed: 0; poisoned: false; allScalar: false]
May-05 22:40:37.455 [main] DEBUG nextflow.Session - >>> barrier register (process: speed_to_pergola)
May-05 22:40:37.473 [main] DEBUG n.processor.ParallelTaskProcessor - Creating *combiner* operator for each param(s) at index(es): [2]
May-05 22:40:37.517 [main] DEBUG n.processor.ParallelTaskProcessor - Creating operator > speed_to_pergola -- maxForks: 8
May-05 22:40:37.526 [main] DEBUG nextflow.processor.ProcessFactory - << taskConfig executor: local
May-05 22:40:37.526 [main] DEBUG nextflow.processor.ProcessFactory - >> processorType: 'local'
May-05 22:40:37.526 [main] DEBUG nextflow.executor.Executor - Initializing executor: local
May-05 22:40:37.527 [main] DEBUG nextflow.Session - >>> barrier register (process: zeros_bed_and_bedGraph)
May-05 22:40:37.538 [main] DEBUG n.processor.ParallelTaskProcessor - Creating operator > zeros_bed_and_bedGraph -- maxForks: 8
May-05 22:40:37.544 [main] DEBUG nextflow.processor.ProcessFactory - << taskConfig executor: local
May-05 22:40:37.545 [main] DEBUG nextflow.processor.ProcessFactory - >> processorType: 'local'
May-05 22:40:37.545 [main] DEBUG nextflow.executor.Executor - Initializing executor: local
May-05 22:40:37.545 [main] DEBUG nextflow.Session - >>> barrier register (process: get_motion)
May-05 22:40:37.560 [main] DEBUG n.processor.ParallelTaskProcessor - Creating operator > get_motion -- maxForks: 8
May-05 22:40:37.562 [Actor Thread 2] DEBUG n.processor.ParallelTaskProcessor - <get_motion> Poison pill arrived
May-05 22:40:37.562 [Actor Thread 3] DEBUG nextflow.processor.StateObj - <get_motion> State before poison: StateObj[submitted: 1; completed: 0; poisoned: false; allScalar: false]
May-05 22:40:37.575 [main] DEBUG nextflow.processor.ProcessFactory - << taskConfig executor: local
May-05 22:40:37.575 [main] DEBUG nextflow.processor.ProcessFactory - >> processorType: 'local'
May-05 22:40:37.575 [main] DEBUG nextflow.executor.Executor - Initializing executor: local
May-05 22:40:37.576 [main] DEBUG nextflow.Session - >>> barrier register (process: motion_to_pergola)
May-05 22:40:37.586 [main] DEBUG n.processor.ParallelTaskProcessor - Creating operator > motion_to_pergola -- maxForks: 8
May-05 22:40:37.789 [main] DEBUG nextflow.processor.ProcessFactory - << taskConfig executor: local
May-05 22:40:37.789 [main] DEBUG nextflow.processor.ProcessFactory - >> processorType: 'local'
May-05 22:40:37.789 [main] DEBUG nextflow.executor.Executor - Initializing executor: local
May-05 22:40:37.790 [main] DEBUG nextflow.Session - >>> barrier register (process: intersect_speed_motion)
May-05 22:40:37.802 [main] DEBUG n.processor.ParallelTaskProcessor - Creating operator > intersect_speed_motion -- maxForks: 8
May-05 22:40:37.821 [Actor Thread 4] INFO  nextflow.processor.TaskDispatcher - [b8/6ba42c] Submitted process > get_motion (1)
May-05 22:40:37.821 [Actor Thread 1] INFO  nextflow.processor.TaskDispatcher - [4d/0f8ee7] Submitted process > get_speed (1)
May-05 22:40:37.827 [main] DEBUG nextflow.processor.ProcessFactory - << taskConfig executor: local
May-05 22:40:37.827 [main] DEBUG nextflow.processor.ProcessFactory - >> processorType: 'local'
May-05 22:40:37.827 [main] DEBUG nextflow.executor.Executor - Initializing executor: local
May-05 22:40:37.829 [main] DEBUG nextflow.Session - >>> barrier register (process: plot_distro)
May-05 22:40:37.838 [main] DEBUG n.processor.ParallelTaskProcessor - Creating operator > plot_distro -- maxForks: 8
May-05 22:40:37.842 [main] DEBUG nextflow.processor.ProcessFactory - << taskConfig executor: local
May-05 22:40:37.843 [main] DEBUG nextflow.processor.ProcessFactory - >> processorType: 'local'
May-05 22:40:37.843 [main] DEBUG nextflow.executor.Executor - Initializing executor: local
May-05 22:40:37.844 [main] DEBUG nextflow.Session - >>> barrier register (process: get_turns)
May-05 22:40:37.855 [main] DEBUG n.processor.ParallelTaskProcessor - Creating operator > get_turns -- maxForks: 8
May-05 22:40:37.856 [Actor Thread 1] DEBUG n.processor.ParallelTaskProcessor - <get_turns> Poison pill arrived
May-05 22:40:37.859 [Actor Thread 3] DEBUG nextflow.processor.StateObj - <get_turns> State before poison: StateObj[submitted: 1; completed: 0; poisoned: false; allScalar: false]
May-05 22:40:37.866 [main] DEBUG nextflow.processor.ProcessFactory - << taskConfig executor: local
May-05 22:40:37.866 [main] DEBUG nextflow.processor.ProcessFactory - >> processorType: 'local'
May-05 22:40:37.866 [main] DEBUG nextflow.executor.Executor - Initializing executor: local
May-05 22:40:37.867 [main] DEBUG nextflow.Session - >>> barrier register (process: turns_to_pergola)
May-05 22:40:37.872 [Actor Thread 4] INFO  nextflow.processor.TaskDispatcher - [d4/d87eed] Submitted process > get_turns (1)
May-05 22:40:37.880 [main] DEBUG n.processor.ParallelTaskProcessor - Creating operator > turns_to_pergola -- maxForks: 8
May-05 22:40:37.891 [main] DEBUG nextflow.processor.ProcessFactory - << taskConfig executor: local
May-05 22:40:37.891 [main] DEBUG nextflow.processor.ProcessFactory - >> processorType: 'local'
May-05 22:40:37.891 [main] DEBUG nextflow.executor.Executor - Initializing executor: local
May-05 22:40:37.892 [main] DEBUG nextflow.Session - >>> barrier register (process: intersect_speed_turn)
May-05 22:40:37.904 [main] DEBUG n.processor.ParallelTaskProcessor - Creating operator > intersect_speed_turn -- maxForks: 8
May-05 22:40:37.924 [main] DEBUG nextflow.processor.ProcessFactory - << taskConfig executor: local
May-05 22:40:37.924 [main] DEBUG nextflow.processor.ProcessFactory - >> processorType: 'local'
May-05 22:40:37.924 [main] DEBUG nextflow.executor.Executor - Initializing executor: local
May-05 22:40:37.925 [main] DEBUG nextflow.Session - >>> barrier register (process: plot_distro_turns)
May-05 22:40:37.940 [main] DEBUG n.processor.ParallelTaskProcessor - Creating operator > plot_distro_turns -- maxForks: 8
May-05 22:40:38.937 [main] DEBUG nextflow.script.ScriptRunner - > Await termination 
May-05 22:40:38.937 [main] DEBUG nextflow.Session - Session await
May-05 22:40:40.000 [Actor Thread 3] DEBUG nextflow.processor.TaskProcessor - <get_turns> Sending poison pills and terminating process
May-05 22:40:40.002 [Actor Thread 3] DEBUG nextflow.Session - <<< barrier arrive (process: get_turns)
May-05 22:40:40.004 [Actor Thread 4] DEBUG n.processor.ParallelTaskProcessor - <turns_to_pergola> Poison pill arrived
May-05 22:40:40.004 [Actor Thread 6] DEBUG nextflow.processor.StateObj - <turns_to_pergola> State before poison: StateObj[submitted: 2; completed: 0; poisoned: false; allScalar: false]
May-05 22:40:40.006 [Actor Thread 8] DEBUG n.processor.ParallelTaskProcessor - <get_turns> After stop
May-05 22:40:40.023 [Actor Thread 3] DEBUG nextflow.processor.TaskProcessor - <get_motion> Sending poison pills and terminating process
May-05 22:40:40.025 [Actor Thread 7] INFO  nextflow.processor.TaskDispatcher - [d9/3b641a] Submitted process > turns_to_pergola (2)
May-05 22:40:40.027 [Actor Thread 3] DEBUG nextflow.Session - <<< barrier arrive (process: get_motion)
May-05 22:40:40.027 [Actor Thread 1] DEBUG n.processor.ParallelTaskProcessor - <get_motion> After stop
May-05 22:40:40.028 [Actor Thread 5] INFO  nextflow.processor.TaskDispatcher - [9a/715b7b] Submitted process > turns_to_pergola (1)
May-05 22:40:40.031 [Actor Thread 4] DEBUG n.processor.ParallelTaskProcessor - <motion_to_pergola> Poison pill arrived
May-05 22:40:40.031 [Actor Thread 6] DEBUG nextflow.processor.StateObj - <motion_to_pergola> State before poison: StateObj[submitted: 3; completed: 0; poisoned: false; allScalar: false]
May-05 22:40:40.057 [Actor Thread 5] INFO  nextflow.processor.TaskDispatcher - [66/5b4594] Submitted process > motion_to_pergola (1)
May-05 22:40:40.058 [Actor Thread 1] INFO  nextflow.processor.TaskDispatcher - [74/4fcdd3] Submitted process > motion_to_pergola (2)
May-05 22:40:40.066 [Actor Thread 10] INFO  nextflow.processor.TaskDispatcher - [26/c168f2] Submitted process > motion_to_pergola (3)
May-05 22:40:40.408 [Actor Thread 3] DEBUG nextflow.processor.TaskProcessor - <get_speed> Sending poison pills and terminating process
May-05 22:40:40.409 [Actor Thread 3] DEBUG nextflow.Session - <<< barrier arrive (process: get_speed)
May-05 22:40:40.417 [Actor Thread 2] DEBUG n.processor.ParallelTaskProcessor - <get_speed> After stop
May-05 22:40:40.423 [Actor Thread 10] INFO  nextflow.processor.TaskDispatcher - [09/0540a2] Submitted process > speed_to_pergola (1)
May-05 22:40:40.424 [Actor Thread 11] DEBUG n.processor.ParallelTaskProcessor - <speed_to_pergola> Poison pill arrived
May-05 22:40:40.424 [Actor Thread 11] DEBUG n.processor.ParallelTaskProcessor - <speed_to_pergola> Poison pill arrived
May-05 22:40:40.424 [Actor Thread 11] DEBUG n.processor.ParallelTaskProcessor - <speed_to_pergola> Poison pill arrived
May-05 22:40:40.424 [Actor Thread 9] INFO  nextflow.processor.TaskDispatcher - [64/40939b] Submitted process > speed_to_pergola (2)
May-05 22:40:40.424 [Actor Thread 3] DEBUG nextflow.processor.StateObj - <speed_to_pergola> State before poison: StateObj[submitted: 5; completed: 0; poisoned: false; allScalar: false]
May-05 22:40:40.425 [Actor Thread 3] DEBUG nextflow.processor.StateObj - <speed_to_pergola> State before poison: StateObj[submitted: 5; completed: 0; poisoned: true; allScalar: false]
May-05 22:40:40.425 [Actor Thread 3] DEBUG nextflow.processor.StateObj - <speed_to_pergola> State before poison: StateObj[submitted: 5; completed: 0; poisoned: true; allScalar: false]
May-05 22:40:40.425 [Actor Thread 8] INFO  nextflow.processor.TaskDispatcher - [53/c1ffdf] Submitted process > speed_to_pergola (3)
May-05 22:40:41.473 [Actor Thread 7] INFO  nextflow.processor.TaskDispatcher - [d7/f27bb1] Submitted process > speed_to_pergola (4)
May-05 22:40:41.486 [Actor Thread 4] INFO  nextflow.processor.TaskDispatcher - [59/b375a8] Submitted process > speed_to_pergola (5)
May-05 22:40:41.523 [Actor Thread 3] DEBUG nextflow.processor.TaskProcessor - <motion_to_pergola> Sending poison pills and terminating process
May-05 22:40:41.526 [Actor Thread 3] DEBUG nextflow.Session - <<< barrier arrive (process: motion_to_pergola)
May-05 22:40:41.527 [Actor Thread 7] DEBUG n.processor.ParallelTaskProcessor - <motion_to_pergola> After stop
May-05 22:40:41.581 [Actor Thread 3] DEBUG nextflow.processor.TaskProcessor - <turns_to_pergola> Sending poison pills and terminating process
May-05 22:40:41.581 [Actor Thread 3] DEBUG nextflow.Session - <<< barrier arrive (process: turns_to_pergola)
May-05 22:40:41.582 [Actor Thread 4] DEBUG n.processor.ParallelTaskProcessor - <turns_to_pergola> After stop
May-05 22:40:42.700 [Actor Thread 1] INFO  nextflow.processor.TaskDispatcher - [22/ac776d] Submitted process > zeros_bed_and_bedGraph (1)
May-05 22:40:42.714 [Actor Thread 7] INFO  nextflow.processor.TaskDispatcher - [8f/506629] Submitted process > zeros_bed_and_bedGraph (2)
May-05 22:40:42.772 [Actor Thread 8] INFO  nextflow.processor.TaskDispatcher - [27/028c21] Submitted process > zeros_bed_and_bedGraph (3)
May-05 22:40:42.865 [Actor Thread 8] INFO  nextflow.processor.TaskDispatcher - [2b/77e102] Submitted process > intersect_speed_motion (2)
May-05 22:40:42.868 [Actor Thread 13] INFO  nextflow.processor.TaskDispatcher - [e9/d87e45] Submitted process > intersect_speed_turn (4)
May-05 22:40:42.868 [Actor Thread 1] INFO  nextflow.processor.TaskDispatcher - [17/3fe49e] Submitted process > intersect_speed_motion (4)
May-05 22:40:42.869 [Actor Thread 9] INFO  nextflow.processor.TaskDispatcher - [a0/8ab241] Submitted process > intersect_speed_motion (3)
May-05 22:40:42.869 [Actor Thread 2] INFO  nextflow.processor.TaskDispatcher - [c2/ee0952] Submitted process > intersect_speed_motion (6)
May-05 22:40:43.023 [Actor Thread 5] INFO  nextflow.processor.TaskDispatcher - [4d/e92f16] Submitted process > intersect_speed_turn (2)
May-05 22:40:43.581 [Actor Thread 11] INFO  nextflow.processor.TaskDispatcher - [f2/c2882f] Submitted process > intersect_speed_turn (3)
May-05 22:40:43.596 [Actor Thread 7] INFO  nextflow.processor.TaskDispatcher - [8c/9a8eaa] Submitted process > intersect_speed_turn (1)
May-05 22:40:43.626 [Actor Thread 3] DEBUG nextflow.processor.TaskProcessor - <speed_to_pergola> Sending poison pills and terminating process
May-05 22:40:43.626 [Actor Thread 3] DEBUG nextflow.Session - <<< barrier arrive (process: speed_to_pergola)
May-05 22:40:43.626 [Actor Thread 1] DEBUG n.processor.ParallelTaskProcessor - <zeros_bed_and_bedGraph> Poison pill arrived
May-05 22:40:43.627 [Actor Thread 1] DEBUG n.processor.ParallelTaskProcessor - <zeros_bed_and_bedGraph> Poison pill arrived
May-05 22:40:43.627 [Actor Thread 10] DEBUG n.processor.ParallelTaskProcessor - <speed_to_pergola> After stop
May-05 22:40:43.627 [Actor Thread 6] DEBUG nextflow.processor.StateObj - <zeros_bed_and_bedGraph> State before poison: StateObj[submitted: 5; completed: 3; poisoned: false; allScalar: false]
May-05 22:40:43.628 [Actor Thread 6] DEBUG nextflow.processor.StateObj - <zeros_bed_and_bedGraph> State before poison: StateObj[submitted: 5; completed: 3; poisoned: true; allScalar: false]
May-05 22:40:43.925 [Actor Thread 14] INFO  nextflow.processor.TaskDispatcher - [fc/2312a5] Submitted process > intersect_speed_motion (5)
May-05 22:40:43.977 [Actor Thread 4] INFO  nextflow.processor.TaskDispatcher - [1d/96d86b] Submitted process > intersect_speed_motion (1)
May-05 22:40:43.996 [Actor Thread 13] INFO  nextflow.processor.TaskDispatcher - [9e/2c8621] Submitted process > intersect_speed_motion (8)
May-05 22:40:44.028 [Actor Thread 8] INFO  nextflow.processor.TaskDispatcher - [1c/279283] Submitted process > intersect_speed_motion (9)
May-05 22:40:44.144 [Actor Thread 2] INFO  nextflow.processor.TaskDispatcher - [23/a761ae] Submitted process > intersect_speed_motion (7)
May-05 22:40:44.326 [Actor Thread 5] INFO  nextflow.processor.TaskDispatcher - [80/19d651] Submitted process > intersect_speed_turn (6)
May-05 22:40:44.978 [Actor Thread 9] INFO  nextflow.processor.TaskDispatcher - [05/a34635] Submitted process > intersect_speed_turn (5)
May-05 22:40:45.026 [Actor Thread 12] INFO  nextflow.processor.TaskDispatcher - [93/896daa] Submitted process > zeros_bed_and_bedGraph (4)
May-05 22:40:45.110 [Actor Thread 11] INFO  nextflow.processor.TaskDispatcher - [f2/addb72] Submitted process > zeros_bed_and_bedGraph (5)
May-05 22:40:45.153 [Actor Thread 12] INFO  nextflow.processor.TaskDispatcher - [d9/f07ada] Submitted process > intersect_speed_motion (10)
May-05 22:40:45.154 [Actor Thread 8] INFO  nextflow.processor.TaskDispatcher - [de/b3942b] Submitted process > intersect_speed_motion (11)
May-05 22:40:45.223 [Actor Thread 9] INFO  nextflow.processor.TaskDispatcher - [67/9b7609] Submitted process > intersect_speed_turn (7)
May-05 22:40:45.232 [Actor Thread 6] DEBUG nextflow.processor.TaskProcessor - <zeros_bed_and_bedGraph> Sending poison pills and terminating process
May-05 22:40:45.233 [Actor Thread 6] DEBUG nextflow.Session - <<< barrier arrive (process: zeros_bed_and_bedGraph)
May-05 22:40:45.233 [Actor Thread 4] DEBUG n.processor.ParallelTaskProcessor - <zeros_bed_and_bedGraph> After stop
May-05 22:40:45.234 [Actor Thread 4] DEBUG n.processor.ParallelTaskProcessor - <intersect_speed_turn> Poison pill arrived
May-05 22:40:45.238 [Actor Thread 1] DEBUG n.processor.ParallelTaskProcessor - <intersect_speed_motion> Poison pill arrived
May-05 22:40:45.246 [Actor Thread 10] INFO  nextflow.processor.TaskDispatcher - [ea/8a53cc] Submitted process > intersect_speed_motion (12)
May-05 22:40:45.246 [Actor Thread 17] DEBUG nextflow.processor.StateObj - <intersect_speed_turn> State before poison: StateObj[submitted: 10; completed: 4; poisoned: false; allScalar: false]
May-05 22:40:45.252 [Actor Thread 3] DEBUG nextflow.processor.StateObj - <intersect_speed_motion> State before poison: StateObj[submitted: 15; completed: 6; poisoned: false; allScalar: false]
May-05 22:40:45.608 [Actor Thread 11] INFO  nextflow.processor.TaskDispatcher - [5d/98b2d1] Submitted process > intersect_speed_turn (8)
May-05 22:40:45.627 [Actor Thread 8] INFO  nextflow.processor.TaskDispatcher - [3d/c94057] Submitted process > intersect_speed_turn (10)
May-05 22:40:45.960 [Actor Thread 7] INFO  nextflow.processor.TaskDispatcher - [4a/c3fc8e] Submitted process > intersect_speed_turn (9)
May-05 22:40:46.060 [Actor Thread 15] INFO  nextflow.processor.TaskDispatcher - [bc/7f5191] Submitted process > intersect_speed_motion (13)
May-05 22:40:46.268 [Actor Thread 16] INFO  nextflow.processor.TaskDispatcher - [0f/c1f655] Submitted process > intersect_speed_motion (14)
May-05 22:40:46.278 [Actor Thread 18] INFO  nextflow.processor.TaskDispatcher - [f8/63a759] Submitted process > intersect_speed_motion (15)
May-05 22:40:47.023 [Actor Thread 3] DEBUG nextflow.processor.TaskProcessor - <intersect_speed_turn> Sending poison pills and terminating process
May-05 22:40:47.024 [Actor Thread 3] DEBUG nextflow.Session - <<< barrier arrive (process: intersect_speed_turn)
May-05 22:40:47.024 [Actor Thread 18] DEBUG n.processor.ParallelTaskProcessor - <intersect_speed_turn> After stop
May-05 22:40:47.072 [Actor Thread 16] DEBUG nextflow.sort.BigSort - Sort completed -- entries: 10; slices: 1; internal sort time: 0.028 s; external sort time: 0.008 s; total time: 0.036 s
May-05 22:40:47.094 [Actor Thread 16] DEBUG nextflow.file.FileCollector - Saved collect-files list to: /var/folders/3b/0cr04q0s3vq_0389xtsl6tvh0000gp/T/1084e727335cf249e7b1ad8c9d2af2ec.collect-file
May-05 22:40:47.110 [Actor Thread 8] INFO  nextflow.processor.TaskDispatcher - [04/0232f5] Submitted process > plot_distro_turns (3)
May-05 22:40:47.111 [Actor Thread 5] INFO  nextflow.processor.TaskDispatcher - [22/3eaa99] Submitted process > plot_distro_turns (2)
May-05 22:40:47.112 [Actor Thread 18] DEBUG n.processor.ParallelTaskProcessor - <plot_distro_turns> Poison pill arrived
May-05 22:40:47.113 [Actor Thread 3] DEBUG nextflow.processor.StateObj - <plot_distro_turns> State before poison: StateObj[submitted: 10; completed: 0; poisoned: false; allScalar: false]
May-05 22:40:47.113 [Actor Thread 11] INFO  nextflow.processor.TaskDispatcher - [e4/12008f] Submitted process > plot_distro_turns (7)
May-05 22:40:47.114 [Actor Thread 7] INFO  nextflow.processor.TaskDispatcher - [65/570102] Submitted process > plot_distro_turns (5)
May-05 22:40:47.118 [Actor Thread 5] INFO  nextflow.processor.TaskDispatcher - [4a/f1f36b] Submitted process > plot_distro_turns (10)
May-05 22:40:47.118 [Actor Thread 8] INFO  nextflow.processor.TaskDispatcher - [5e/46cc09] Submitted process > plot_distro_turns (9)
May-05 22:40:47.340 [Actor Thread 16] DEBUG nextflow.file.FileCollector - Deleting file collector temp dir: /var/folders/3b/0cr04q0s3vq_0389xtsl6tvh0000gp/T/nxf-5488106851337624780
May-05 22:40:47.511 [Actor Thread 9] INFO  nextflow.processor.TaskDispatcher - [d3/2eb140] Submitted process > plot_distro_turns (8)
May-05 22:40:47.537 [Actor Thread 15] INFO  nextflow.processor.TaskDispatcher - [bf/cc67de] Submitted process > plot_distro_turns (4)
May-05 22:40:47.551 [Actor Thread 3] DEBUG nextflow.processor.TaskProcessor - <intersect_speed_motion> Sending poison pills and terminating process
May-05 22:40:47.551 [Actor Thread 3] DEBUG nextflow.Session - <<< barrier arrive (process: intersect_speed_motion)
May-05 22:40:47.552 [Actor Thread 8] DEBUG n.processor.ParallelTaskProcessor - <intersect_speed_motion> After stop
May-05 22:40:47.739 [Actor Thread 15] DEBUG nextflow.file.FileCollector - Deleting file collector temp dir: /var/folders/3b/0cr04q0s3vq_0389xtsl6tvh0000gp/T/nxf-8794085183447377142
May-05 22:40:50.638 [Actor Thread 12] INFO  nextflow.processor.TaskDispatcher - [c0/da118c] Submitted process > plot_distro_turns (1)
May-05 22:40:50.659 [Actor Thread 10] INFO  nextflow.processor.TaskDispatcher - [9a/68d8a0] Submitted process > plot_distro_turns (6)
May-05 22:40:50.662 [Actor Thread 7] INFO  nextflow.processor.TaskDispatcher - [97/6550d1] Submitted process > plot_distro (2)
May-05 22:40:50.839 [Actor Thread 5] INFO  nextflow.processor.TaskDispatcher - [2d/0b2e5b] Submitted process > plot_distro (1)
May-05 22:40:50.997 [Actor Thread 11] INFO  nextflow.processor.TaskDispatcher - [d0/f8958c] Submitted process > plot_distro (3)
May-05 22:40:51.052 [Actor Thread 18] INFO  nextflow.processor.TaskDispatcher - [33/165266] Submitted process > plot_distro (4)
May-05 22:40:51.151 [Actor Thread 13] INFO  nextflow.processor.TaskDispatcher - [06/d3ba25] Submitted process > plot_distro (5)
May-05 22:40:51.184 [Actor Thread 2] INFO  nextflow.processor.TaskDispatcher - [4d/2c160c] Submitted process > plot_distro (6)
May-05 22:40:53.213 [Actor Thread 14] INFO  nextflow.processor.TaskDispatcher - [57/36c45d] Submitted process > plot_distro (7)
May-05 22:40:53.213 [Actor Thread 8] DEBUG n.processor.ParallelTaskProcessor - <plot_distro> Poison pill arrived
May-05 22:40:53.215 [Actor Thread 3] DEBUG nextflow.processor.StateObj - <plot_distro> State before poison: StateObj[submitted: 15; completed: 0; poisoned: false; allScalar: false]
May-05 22:40:53.455 [Actor Thread 4] INFO  nextflow.processor.TaskDispatcher - [d9/585d36] Submitted process > plot_distro (8)
May-05 22:40:53.458 [Actor Thread 7] INFO  nextflow.processor.TaskDispatcher - [3b/2d88c4] Submitted process > plot_distro (9)
May-05 22:40:53.464 [Actor Thread 5] INFO  nextflow.processor.TaskDispatcher - [b1/cb8f7b] Submitted process > plot_distro (10)
May-05 22:40:53.600 [Actor Thread 11] INFO  nextflow.processor.TaskDispatcher - [16/8c90a1] Submitted process > plot_distro (11)
May-05 22:40:53.848 [Actor Thread 18] INFO  nextflow.processor.TaskDispatcher - [a9/a9de07] Submitted process > plot_distro (12)
May-05 22:40:53.853 [Actor Thread 3] DEBUG nextflow.processor.TaskProcessor - <plot_distro_turns> Sending poison pills and terminating process
May-05 22:40:53.853 [Actor Thread 3] DEBUG nextflow.Session - <<< barrier arrive (process: plot_distro_turns)
May-05 22:40:53.854 [Actor Thread 11] DEBUG n.processor.ParallelTaskProcessor - <plot_distro_turns> After stop
May-05 22:40:54.053 [Actor Thread 13] INFO  nextflow.processor.TaskDispatcher - [2c/97fc32] Submitted process > plot_distro (13)
May-05 22:40:54.061 [Actor Thread 2] INFO  nextflow.processor.TaskDispatcher - [5d/5b397d] Submitted process > plot_distro (14)
May-05 22:40:55.567 [Actor Thread 14] INFO  nextflow.processor.TaskDispatcher - [65/715488] Submitted process > plot_distro (15)
May-05 22:40:57.178 [Actor Thread 3] DEBUG nextflow.processor.TaskProcessor - <plot_distro> Sending poison pills and terminating process
May-05 22:40:57.178 [Actor Thread 3] DEBUG nextflow.Session - <<< barrier arrive (process: plot_distro)
May-05 22:40:57.178 [main] DEBUG nextflow.Session - Session await > processes completed
May-05 22:40:57.179 [Actor Thread 2] DEBUG n.processor.ParallelTaskProcessor - <plot_distro> After stop
May-05 22:40:57.278 [Thread-3] DEBUG n.processor.TaskPollingMonitor - <<< barrier arrives (monitor: local)
May-05 22:40:57.279 [main] DEBUG nextflow.Session - Session await > done
May-05 22:40:57.291 [main] DEBUG nextflow.Session - Session destroyed
