N E X T F L O W  ~  version 0.18.0
Launching worm_speed_by_motion.nf
C. elegans speed vs motion  - N F  ~  version 0.1
=========================================
c. elegans data    : /Users/jespinosa/git/pergola/examples/celegans_db_speed_motion/data/


[warm up] executor > local
Matlab file containing worm behavior processed: flp-19ok2460_on_food_L_2010_01_19__15_02_43___1___9_features.mat
Matlab file containing worm behavior processed: file_worm
[1d/1f71bc] Submitted process > get_speed (1)
[f6/e4ba17] Submitted process > get_motion (1)
[f4/a06a6a] Submitted process > motion_to_pergola (1)
[fe/5b2bce] Submitted process > motion_to_pergola (2)
[b9/e29d35] Submitted process > motion_to_pergola (3)
[da/936634] Submitted process > speed_to_pergola (2)
[94/0b926b] Submitted process > speed_to_pergola (3)
[91/2f3a00] Submitted process > speed_to_pergola (1)
[72/f3b16a] Submitted process > speed_to_pergola (5)
[2c/ca6ab9] Submitted process > speed_to_pergola (4)
[cb/2e1012] Submitted process > zeros_bed_and_bedGraph (1)
[05/6ac7c7] Submitted process > zeros_bed_and_bedGraph (2)
[61/e77a6b] Submitted process > zeros_bed_and_bedGraph (3)
[57/a09ced] Submitted process > zeros_bed_and_bedGraph (4)
[56/95cd93] Submitted process > zeros_bed_and_bedGraph (5)
[25/8960a2] Submitted process > intersect_speed_motion (5)
[81/85123f] Submitted process > intersect_speed_motion (1)
[e5/8327ae] Submitted process > intersect_speed_motion (6)
[0b/2309a6] Submitted process > intersect_speed_motion (4)
[57/8ded26] Submitted process > intersect_speed_motion (2)
[22/2212f1] Submitted process > intersect_speed_motion (8)
[65/72fdc9] Submitted process > intersect_speed_motion (7)
[bb/25b122] Submitted process > intersect_speed_motion (3)
[f8/38496c] Submitted process > intersect_speed_motion (9)
[b6/2478ba] Submitted process > intersect_speed_motion (11)
[b5/704a04] Submitted process > intersect_speed_motion (10)
[4a/f1ec36] Submitted process > intersect_speed_motion (12)
[bf/ef0384] Submitted process > intersect_speed_motion (14)
[f9/64179f] Submitted process > intersect_speed_motion (15)
[c5/63ed97] Submitted process > intersect_speed_motion (13)
/Users/jespinosa/git/pergola/examples/celegans_db_speed_motion/work/tmp/2e/9df6e76f4d17ca84d707d8cdf33196/tailTip_flp-19ok2460_paused
/Users/jespinosa/git/pergola/examples/celegans_db_speed_motion/work/tmp/2e/9df6e76f4d17ca84d707d8cdf33196/tailTip_flp-19ok2460_forward
/Users/jespinosa/git/pergola/examples/celegans_db_speed_motion/work/tmp/2e/9df6e76f4d17ca84d707d8cdf33196/headTip_flp-19ok2460_forward
/Users/jespinosa/git/pergola/examples/celegans_db_speed_motion/work/tmp/2e/9df6e76f4d17ca84d707d8cdf33196/tail_flp-19ok2460_paused
/Users/jespinosa/git/pergola/examples/celegans_db_speed_motion/work/tmp/2e/9df6e76f4d17ca84d707d8cdf33196/midbody_flp-19ok2460_backward
/Users/jespinosa/git/pergola/examples/celegans_db_speed_motion/work/tmp/2e/9df6e76f4d17ca84d707d8cdf33196/midbody_flp-19ok2460_forward
/Users/jespinosa/git/pergola/examples/celegans_db_speed_motion/work/tmp/2e/9df6e76f4d17ca84d707d8cdf33196/midbody_flp-19ok2460_paused
/Users/jespinosa/git/pergola/examples/celegans_db_speed_motion/work/tmp/2e/9df6e76f4d17ca84d707d8cdf33196/tail_flp-19ok2460_backward
/Users/jespinosa/git/pergola/examples/celegans_db_speed_motion/work/tmp/2e/9df6e76f4d17ca84d707d8cdf33196/tail_flp-19ok2460_forward
/Users/jespinosa/git/pergola/examples/celegans_db_speed_motion/work/tmp/2e/9df6e76f4d17ca84d707d8cdf33196/head_flp-19ok2460_paused
/Users/jespinosa/git/pergola/examples/celegans_db_speed_motion/work/tmp/2e/9df6e76f4d17ca84d707d8cdf33196/headTip_flp-19ok2460_paused
/Users/jespinosa/git/pergola/examples/celegans_db_speed_motion/work/tmp/2e/9df6e76f4d17ca84d707d8cdf33196/tailTip_flp-19ok2460_backward
/Users/jespinosa/git/pergola/examples/celegans_db_speed_motion/work/tmp/2e/9df6e76f4d17ca84d707d8cdf33196/head_flp-19ok2460_backward
/Users/jespinosa/git/pergola/examples/celegans_db_speed_motion/work/tmp/2e/9df6e76f4d17ca84d707d8cdf33196/head_flp-19ok2460_forward
/Users/jespinosa/git/pergola/examples/celegans_db_speed_motion/work/tmp/2e/9df6e76f4d17ca84d707d8cdf33196/headTip_flp-19ok2460_backward
